# JRE version: OpenJDK Runtime Environment (8.0_242-b01) (build 1.8.0_242-release-1644-b01)
# Java VM: OpenJDK 64-Bit Server VM (25.242-b01 mixed mode windows-amd64 compressed oops)
Heap:
 PSYoungGen      total 652288K, used 499741K [0x00000000d5580000, 0x00000000ffc00000, 0x0000000100000000)
  eden space 619520K, 75% used [0x00000000d5580000,0x00000000f1d8ce40,0x00000000fb280000)
  from space 32768K, 99% used [0x00000000fdc00000,0x00000000ffbfa780,0x00000000ffc00000)
  to   space 37376K, 0% used [0x00000000fb300000,0x00000000fb300000,0x00000000fd780000)
 ParOldGen       total 187904K, used 94604K [0x0000000080000000, 0x000000008b780000, 0x00000000d5580000)
  object space 187904K, 50% used [0x0000000080000000,0x0000000085c633e0,0x000000008b780000)
 Metaspace       used 139214K, capacity 146368K, committed 146648K, reserved 1177600K
  class space    used 18006K, capacity 19445K, committed 19456K, reserved 1048576K
GC Heap History (10 events):
Event: 2157.792 GC heap before
{Heap before GC invocations=34 (full 4):
 PSYoungGen      total 473600K, used 459852K [0x00000000d5580000, 0x00000000f7a00000, 0x0000000100000000)
  eden space 440832K, 100% used [0x00000000d5580000,0x00000000f0400000,0x00000000f0400000)
  from space 32768K, 58% used [0x00000000f0400000,0x00000000f16933d8,0x00000000f2400000)
  to   space 32768K, 0% used [0x00000000f5a00000,0x00000000f5a00000,0x00000000f7a00000)
 ParOldGen       total 187904K, used 91112K [0x0000000080000000, 0x000000008b780000, 0x00000000d5580000)
  object space 187904K, 48% used [0x0000000080000000,0x00000000858fa2d0,0x000000008b780000)
 Metaspace       used 98454K, capacity 103820K, committed 104024K, reserved 1138688K
  class space    used 12874K, capacity 13935K, committed 13952K, reserved 1048576K
Event: 2158.105 GC heap after
Heap after GC invocations=34 (full 4):
 PSYoungGen      total 526336K, used 26473K [0x00000000d5580000, 0x00000000f7f00000, 0x0000000100000000)
  eden space 493568K, 0% used [0x00000000d5580000,0x00000000d5580000,0x00000000f3780000)
  from space 32768K, 80% used [0x00000000f5a00000,0x00000000f73da570,0x00000000f7a00000)
  to   space 35328K, 0% used [0x00000000f3780000,0x00000000f3780000,0x00000000f5a00000)
 ParOldGen       total 187904K, used 91112K [0x0000000080000000, 0x000000008b780000, 0x00000000d5580000)
  object space 187904K, 48% used [0x0000000080000000,0x00000000858fa2d0,0x000000008b780000)
 Metaspace       used 98454K, capacity 103820K, committed 104024K, reserved 1138688K
  class space    used 12874K, capacity 13935K, committed 13952K, reserved 1048576K
}
Event: 2175.124 GC heap before
{Heap before GC invocations=35 (full 4):
 PSYoungGen      total 526336K, used 520041K [0x00000000d5580000, 0x00000000f7f00000, 0x0000000100000000)
  eden space 493568K, 100% used [0x00000000d5580000,0x00000000f3780000,0x00000000f3780000)
  from space 32768K, 80% used [0x00000000f5a00000,0x00000000f73da570,0x00000000f7a00000)
  to   space 35328K, 0% used [0x00000000f3780000,0x00000000f3780000,0x00000000f5a00000)
 ParOldGen       total 187904K, used 91112K [0x0000000080000000, 0x000000008b780000, 0x00000000d5580000)
  object space 187904K, 48% used [0x0000000080000000,0x00000000858fa2d0,0x000000008b780000)
 Metaspace       used 98467K, capacity 103820K, committed 104024K, reserved 1138688K
  class space    used 12874K, capacity 13935K, committed 13952K, reserved 1048576K
Event: 2175.691 GC heap after
Heap after GC invocations=35 (full 4):
 PSYoungGen      total 528896K, used 21477K [0x00000000d5580000, 0x00000000fc200000, 0x0000000100000000)
  eden space 493568K, 0% used [0x00000000d5580000,0x00000000d5580000,0x00000000f3780000)
  from space 35328K, 60% used [0x00000000f3780000,0x00000000f4c795e8,0x00000000f5a00000)
  to   space 35328K, 0% used [0x00000000f9f80000,0x00000000f9f80000,0x00000000fc200000)
 ParOldGen       total 187904K, used 91120K [0x0000000080000000, 0x000000008b780000, 0x00000000d5580000)
  object space 187904K, 48% used [0x0000000080000000,0x00000000858fc2d0,0x000000008b780000)
 Metaspace       used 98467K, capacity 103820K, committed 104024K, reserved 1138688K
  class space    used 12874K, capacity 13935K, committed 13952K, reserved 1048576K
}
Event: 2192.348 GC heap before
{Heap before GC invocations=36 (full 4):
 PSYoungGen      total 528896K, used 515045K [0x00000000d5580000, 0x00000000fc200000, 0x0000000100000000)
  eden space 493568K, 100% used [0x00000000d5580000,0x00000000f3780000,0x00000000f3780000)
  from space 35328K, 60% used [0x00000000f3780000,0x00000000f4c795e8,0x00000000f5a00000)
  to   space 35328K, 0% used [0x00000000f9f80000,0x00000000f9f80000,0x00000000fc200000)
 ParOldGen       total 187904K, used 91120K [0x0000000080000000, 0x000000008b780000, 0x00000000d5580000)
  object space 187904K, 48% used [0x0000000080000000,0x00000000858fc2d0,0x000000008b780000)
 Metaspace       used 98511K, capacity 103894K, committed 104024K, reserved 1138688K
  class space    used 12876K, capacity 13936K, committed 13952K, reserved 1048576K
Event: 2192.812 GC heap after
Heap after GC invocations=36 (full 4):
 PSYoungGen      total 601600K, used 17574K [0x00000000d5580000, 0x00000000fc280000, 0x0000000100000000)
  eden space 566272K, 0% used [0x00000000d5580000,0x00000000d5580000,0x00000000f7e80000)
  from space 35328K, 49% used [0x00000000f9f80000,0x00000000fb0a9b08,0x00000000fc200000)
  to   space 33792K, 0% used [0x00000000f7e80000,0x00000000f7e80000,0x00000000f9f80000)
 ParOldGen       total 187904K, used 93232K [0x0000000080000000, 0x000000008b780000, 0x00000000d5580000)
  object space 187904K, 49% used [0x0000000080000000,0x0000000085b0c3d0,0x000000008b780000)
 Metaspace       used 98511K, capacity 103894K, committed 104024K, reserved 1138688K
  class space    used 12876K, capacity 13936K, committed 13952K, reserved 1048576K
}
Event: 2232.007 GC heap before
{Heap before GC invocations=37 (full 4):
 PSYoungGen      total 601600K, used 583846K [0x00000000d5580000, 0x00000000fc280000, 0x0000000100000000)
  eden space 566272K, 100% used [0x00000000d5580000,0x00000000f7e80000,0x00000000f7e80000)
  from space 35328K, 49% used [0x00000000f9f80000,0x00000000fb0a9b08,0x00000000fc200000)
  to   space 33792K, 0% used [0x00000000f7e80000,0x00000000f7e80000,0x00000000f9f80000)
 ParOldGen       total 187904K, used 93232K [0x0000000080000000, 0x000000008b780000, 0x00000000d5580000)
  object space 187904K, 49% used [0x0000000080000000,0x0000000085b0c3d0,0x000000008b780000)
 Metaspace       used 102312K, capacity 107620K, committed 107864K, reserved 1142784K
  class space    used 13324K, capacity 14381K, committed 14464K, reserved 1048576K
Event: 2232.145 GC heap after
Heap after GC invocations=37 (full 4):
 PSYoungGen      total 600064K, used 19016K [0x00000000d5580000, 0x00000000ffc00000, 0x0000000100000000)
  eden space 566272K, 0% used [0x00000000d5580000,0x00000000d5580000,0x00000000f7e80000)
  from space 33792K, 56% used [0x00000000f7e80000,0x00000000f91121c0,0x00000000f9f80000)
  to   space 32768K, 0% used [0x00000000fdc00000,0x00000000fdc00000,0x00000000ffc00000)
 ParOldGen       total 187904K, used 94588K [0x0000000080000000, 0x000000008b780000, 0x00000000d5580000)
  object space 187904K, 50% used [0x0000000080000000,0x0000000085c5f3e0,0x000000008b780000)
 Metaspace       used 102312K, capacity 107620K, committed 107864K, reserved 1142784K
  class space    used 13324K, capacity 14381K, committed 14464K, reserved 1048576K
}
Event: 4893.663 GC heap before
{Heap before GC invocations=38 (full 4):
 PSYoungGen      total 600064K, used 585288K [0x00000000d5580000, 0x00000000ffc00000, 0x0000000100000000)
  eden space 566272K, 100% used [0x00000000d5580000,0x00000000f7e80000,0x00000000f7e80000)
  from space 33792K, 56% used [0x00000000f7e80000,0x00000000f91121c0,0x00000000f9f80000)
  to   space 32768K, 0% used [0x00000000fdc00000,0x00000000fdc00000,0x00000000ffc00000)
 ParOldGen       total 187904K, used 94588K [0x0000000080000000, 0x000000008b780000, 0x00000000d5580000)
  object space 187904K, 50% used [0x0000000080000000,0x0000000085c5f3e0,0x000000008b780000)
 Metaspace       used 114570K, capacity 120716K, committed 120920K, reserved 1155072K
  class space    used 14709K, capacity 15911K, committed 16000K, reserved 1048576K
Event: 4894.603 GC heap after
Heap after GC invocations=38 (full 4):
 PSYoungGen      total 652288K, used 32745K [0x00000000d5580000, 0x00000000ffc00000, 0x0000000100000000)
  eden space 619520K, 0% used [0x00000000d5580000,0x00000000d5580000,0x00000000fb280000)
  from space 32768K, 99% used [0x00000000fdc00000,0x00000000ffbfa780,0x00000000ffc00000)
  to   space 37376K, 0% used [0x00000000fb300000,0x00000000fb300000,0x00000000fd780000)
 ParOldGen       total 187904K, used 94604K [0x0000000080000000, 0x000000008b780000, 0x00000000d5580000)
  object space 187904K, 50% used [0x0000000080000000,0x0000000085c633e0,0x000000008b780000)
 Metaspace       used 114570K, capacity 120716K, committed 120920K, reserved 1155072K
  class space    used 14709K, capacity 15911K, committed 16000K, reserved 1048576K
}

