# JRE version: OpenJDK Runtime Environment (8.0_242-b01) (build 1.8.0_242-release-1644-b01)
# Java VM: OpenJDK 64-Bit Server VM (25.242-b01 mixed mode windows-amd64 compressed oops)
Heap:
 PSYoungGen      total 298496K, used 80606K [0x00000000d5580000, 0x00000000e9100000, 0x0000000100000000)
  eden space 277504K, 29% used [0x00000000d5580000,0x00000000da437a08,0x00000000e6480000)
  from space 20992K, 0% used [0x00000000e7900000,0x00000000e7900000,0x00000000e8d80000)
  to   space 20992K, 0% used [0x00000000e6480000,0x00000000e6480000,0x00000000e7900000)
 ParOldGen       total 90624K, used 32231K [0x0000000080000000, 0x0000000085880000, 0x00000000d5580000)
  object space 90624K, 35% used [0x0000000080000000,0x0000000081f79f40,0x0000000085880000)
 Metaspace       used 63211K, capacity 65898K, committed 66136K, reserved 1105920K
  class space    used 8525K, capacity 9072K, committed 9088K, reserved 1048576K
GC Heap History (10 events):
Event: 14.082 GC heap before
{Heap before GC invocations=11 (full 2):
 PSYoungGen      total 137216K, used 10214K [0x00000000d5580000, 0x00000000e2e00000, 0x0000000100000000)
  eden space 126976K, 0% used [0x00000000d5580000,0x00000000d5580000,0x00000000dd180000)
  from space 10240K, 99% used [0x00000000dd180000,0x00000000ddb79b30,0x00000000ddb80000)
  to   space 12800K, 0% used [0x00000000e2180000,0x00000000e2180000,0x00000000e2e00000)
 ParOldGen       total 46080K, used 9615K [0x0000000080000000, 0x0000000082d00000, 0x00000000d5580000)
  object space 46080K, 20% used [0x0000000080000000,0x0000000080963fe0,0x0000000082d00000)
 Metaspace       used 34009K, capacity 35250K, committed 35416K, reserved 1079296K
  class space    used 4589K, capacity 4880K, committed 4992K, reserved 1048576K
Event: 14.245 GC heap after
Heap after GC invocations=11 (full 2):
 PSYoungGen      total 137216K, used 0K [0x00000000d5580000, 0x00000000e2e00000, 0x0000000100000000)
  eden space 126976K, 0% used [0x00000000d5580000,0x00000000d5580000,0x00000000dd180000)
  from space 10240K, 0% used [0x00000000dd180000,0x00000000dd180000,0x00000000ddb80000)
  to   space 12800K, 0% used [0x00000000e2180000,0x00000000e2180000,0x00000000e2e00000)
 ParOldGen       total 64512K, used 19313K [0x0000000080000000, 0x0000000083f00000, 0x00000000d5580000)
  object space 64512K, 29% used [0x0000000080000000,0x00000000812dc478,0x0000000083f00000)
 Metaspace       used 34009K, capacity 35250K, committed 35416K, reserved 1079296K
  class space    used 4589K, capacity 4880K, committed 4992K, reserved 1048576K
}
Event: 18.444 GC heap before
{Heap before GC invocations=12 (full 2):
 PSYoungGen      total 137216K, used 126976K [0x00000000d5580000, 0x00000000e2e00000, 0x0000000100000000)
  eden space 126976K, 100% used [0x00000000d5580000,0x00000000dd180000,0x00000000dd180000)
  from space 10240K, 0% used [0x00000000dd180000,0x00000000dd180000,0x00000000ddb80000)
  to   space 12800K, 0% used [0x00000000e2180000,0x00000000e2180000,0x00000000e2e00000)
 ParOldGen       total 64512K, used 19313K [0x0000000080000000, 0x0000000083f00000, 0x00000000d5580000)
  object space 64512K, 29% used [0x0000000080000000,0x00000000812dc478,0x0000000083f00000)
 Metaspace       used 41409K, capacity 43264K, committed 43352K, reserved 1087488K
  class space    used 5604K, capacity 5994K, committed 6016K, reserved 1048576K
Event: 18.489 GC heap after
Heap after GC invocations=12 (full 2):
 PSYoungGen      total 202240K, used 12411K [0x00000000d5580000, 0x00000000e2e00000, 0x0000000100000000)
  eden space 189440K, 0% used [0x00000000d5580000,0x00000000d5580000,0x00000000e0e80000)
  from space 12800K, 96% used [0x00000000e2180000,0x00000000e2d9ed40,0x00000000e2e00000)
  to   space 14336K, 0% used [0x00000000e1200000,0x00000000e1200000,0x00000000e2000000)
 ParOldGen       total 64512K, used 19321K [0x0000000080000000, 0x0000000083f00000, 0x00000000d5580000)
  object space 64512K, 29% used [0x0000000080000000,0x00000000812de478,0x0000000083f00000)
 Metaspace       used 41409K, capacity 43264K, committed 43352K, reserved 1087488K
  class space    used 5604K, capacity 5994K, committed 6016K, reserved 1048576K
}
Event: 27.077 GC heap before
{Heap before GC invocations=13 (full 2):
 PSYoungGen      total 202240K, used 201851K [0x00000000d5580000, 0x00000000e2e00000, 0x0000000100000000)
  eden space 189440K, 100% used [0x00000000d5580000,0x00000000e0e80000,0x00000000e0e80000)
  from space 12800K, 96% used [0x00000000e2180000,0x00000000e2d9ed40,0x00000000e2e00000)
  to   space 14336K, 0% used [0x00000000e1200000,0x00000000e1200000,0x00000000e2000000)
 ParOldGen       total 64512K, used 19321K [0x0000000080000000, 0x0000000083f00000, 0x00000000d5580000)
  object space 64512K, 29% used [0x0000000080000000,0x00000000812de478,0x0000000083f00000)
 Metaspace       used 55389K, capacity 57710K, committed 57944K, reserved 1099776K
  class space    used 7312K, capacity 7772K, committed 7808K, reserved 1048576K
Event: 27.161 GC heap after
Heap after GC invocations=13 (full 2):
 PSYoungGen      total 207360K, used 14323K [0x00000000d5580000, 0x00000000e8d80000, 0x0000000100000000)
  eden space 193024K, 0% used [0x00000000d5580000,0x00000000d5580000,0x00000000e1200000)
  from space 14336K, 99% used [0x00000000e1200000,0x00000000e1ffce40,0x00000000e2000000)
  to   space 20992K, 0% used [0x00000000e7900000,0x00000000e7900000,0x00000000e8d80000)
 ParOldGen       total 64512K, used 31302K [0x0000000080000000, 0x0000000083f00000, 0x00000000d5580000)
  object space 64512K, 48% used [0x0000000080000000,0x0000000081e91900,0x0000000083f00000)
 Metaspace       used 55389K, capacity 57710K, committed 57944K, reserved 1099776K
  class space    used 7312K, capacity 7772K, committed 7808K, reserved 1048576K
}
Event: 28.102 GC heap before
{Heap before GC invocations=14 (full 2):
 PSYoungGen      total 207360K, used 27884K [0x00000000d5580000, 0x00000000e8d80000, 0x0000000100000000)
  eden space 193024K, 7% used [0x00000000d5580000,0x00000000d62be4e8,0x00000000e1200000)
  from space 14336K, 99% used [0x00000000e1200000,0x00000000e1ffce40,0x00000000e2000000)
  to   space 20992K, 0% used [0x00000000e7900000,0x00000000e7900000,0x00000000e8d80000)
 ParOldGen       total 64512K, used 31302K [0x0000000080000000, 0x0000000083f00000, 0x00000000d5580000)
  object space 64512K, 48% used [0x0000000080000000,0x0000000081e91900,0x0000000083f00000)
 Metaspace       used 56452K, capacity 58810K, committed 58968K, reserved 1099776K
  class space    used 7451K, capacity 7942K, committed 8064K, reserved 1048576K
Event: 28.141 GC heap after
Heap after GC invocations=14 (full 2):
 PSYoungGen      total 298496K, used 1798K [0x00000000d5580000, 0x00000000e9100000, 0x0000000100000000)
  eden space 277504K, 0% used [0x00000000d5580000,0x00000000d5580000,0x00000000e6480000)
  from space 20992K, 8% used [0x00000000e7900000,0x00000000e7ac1850,0x00000000e8d80000)
  to   space 20992K, 0% used [0x00000000e6480000,0x00000000e6480000,0x00000000e7900000)
 ParOldGen       total 64512K, used 41824K [0x0000000080000000, 0x0000000083f00000, 0x00000000d5580000)
  object space 64512K, 64% used [0x0000000080000000,0x00000000828d8298,0x0000000083f00000)
 Metaspace       used 56452K, capacity 58810K, committed 58968K, reserved 1099776K
  class space    used 7451K, capacity 7942K, committed 8064K, reserved 1048576K
}
Event: 28.141 GC heap before
{Heap before GC invocations=15 (full 3):
 PSYoungGen      total 298496K, used 1798K [0x00000000d5580000, 0x00000000e9100000, 0x0000000100000000)
  eden space 277504K, 0% used [0x00000000d5580000,0x00000000d5580000,0x00000000e6480000)
  from space 20992K, 8% used [0x00000000e7900000,0x00000000e7ac1850,0x00000000e8d80000)
  to   space 20992K, 0% used [0x00000000e6480000,0x00000000e6480000,0x00000000e7900000)
 ParOldGen       total 64512K, used 41824K [0x0000000080000000, 0x0000000083f00000, 0x00000000d5580000)
  object space 64512K, 64% used [0x0000000080000000,0x00000000828d8298,0x0000000083f00000)
 Metaspace       used 56452K, capacity 58810K, committed 58968K, reserved 1099776K
  class space    used 7451K, capacity 7942K, committed 8064K, reserved 1048576K
Event: 28.544 GC heap after
Heap after GC invocations=15 (full 3):
 PSYoungGen      total 298496K, used 0K [0x00000000d5580000, 0x00000000e9100000, 0x0000000100000000)
  eden space 277504K, 0% used [0x00000000d5580000,0x00000000d5580000,0x00000000e6480000)
  from space 20992K, 0% used [0x00000000e7900000,0x00000000e7900000,0x00000000e8d80000)
  to   space 20992K, 0% used [0x00000000e6480000,0x00000000e6480000,0x00000000e7900000)
 ParOldGen       total 90624K, used 32231K [0x0000000080000000, 0x0000000085880000, 0x00000000d5580000)
  object space 90624K, 35% used [0x0000000080000000,0x0000000081f79f40,0x0000000085880000)
 Metaspace       used 56398K, capacity 58656K, committed 58968K, reserved 1099776K
  class space    used 7434K, capacity 7920K, committed 8064K, reserved 1048576K
}

